[2021-07-15 04:44:18] local.ERROR: SQLSTATE[HY000] [2002] Connection refused (SQL: select * from `zipcode`) {"exception":"[object] (Illuminate\\Database\\QueryException(code: 2002): SQLSTATE[HY000] [2002] Connection refused (SQL: select * from `zipcode`) at /home/r-nocchelli/projects/zipcode-api/vendor/illuminate/database/Connection.php:692)
[stacktrace]
#0 /home/r-nocchelli/projects/zipcode-api/vendor/illuminate/database/Connection.php(766): Illuminate\\Database\\Connection->runQueryCallback()
#1 /home/r-nocchelli/projects/zipcode-api/vendor/illuminate/database/Connection.php(746): Illuminate\\Database\\Connection->tryAgainIfCausedByLostConnection()
#2 /home/r-nocchelli/projects/zipcode-api/vendor/illuminate/database/Connection.php(655): Illuminate\\Database\\Connection->handleQueryException()
#3 /home/r-nocchelli/projects/zipcode-api/vendor/illuminate/database/Connection.php(360): Illuminate\\Database\\Connection->run()
#4 /home/r-nocchelli/projects/zipcode-api/vendor/illuminate/database/Query/Builder.php(2349): Illuminate\\Database\\Connection->select()
#5 /home/r-nocchelli/projects/zipcode-api/vendor/illuminate/database/Query/Builder.php(2337): Illuminate\\Database\\Query\\Builder->runSelect()
#6 /home/r-nocchelli/projects/zipcode-api/vendor/illuminate/database/Query/Builder.php(2871): Illuminate\\Database\\Query\\Builder->Illuminate\\Database\\Query\\{closure}()
#7 /home/r-nocchelli/projects/zipcode-api/vendor/illuminate/database/Query/Builder.php(2338): Illuminate\\Database\\Query\\Builder->onceWithColumns()
#8 /home/r-nocchelli/projects/zipcode-api/vendor/illuminate/database/Eloquent/Builder.php(602): Illuminate\\Database\\Query\\Builder->get()
#9 /home/r-nocchelli/projects/zipcode-api/vendor/illuminate/database/Eloquent/Builder.php(586): Illuminate\\Database\\Eloquent\\Builder->getModels()
#10 /home/r-nocchelli/projects/zipcode-api/vendor/illuminate/database/Eloquent/Model.php(522): Illuminate\\Database\\Eloquent\\Builder->get()
#11 /home/r-nocchelli/projects/zipcode-api/app/Http/Controllers/Controller.php(13): Illuminate\\Database\\Eloquent\\Model::all()
#12 /home/r-nocchelli/projects/zipcode-api/vendor/illuminate/container/BoundMethod.php(36): App\\Http\\Controllers\\Controller->getAll()
#13 /home/r-nocchelli/projects/zipcode-api/vendor/illuminate/container/Util.php(40): Illuminate\\Container\\BoundMethod::Illuminate\\Container\\{closure}()
#14 /home/r-nocchelli/projects/zipcode-api/vendor/illuminate/container/BoundMethod.php(93): Illuminate\\Container\\Util::unwrapIfClosure()
#15 /home/r-nocchelli/projects/zipcode-api/vendor/illuminate/container/BoundMethod.php(37): Illuminate\\Container\\BoundMethod::callBoundMethod()
#16 /home/r-nocchelli/projects/zipcode-api/vendor/illuminate/container/Container.php(651): Illuminate\\Container\\BoundMethod::call()
#17 /home/r-nocchelli/projects/zipcode-api/vendor/laravel/lumen-framework/src/Concerns/RoutesRequests.php(386): Illuminate\\Container\\Container->call()
#18 /home/r-nocchelli/projects/zipcode-api/vendor/laravel/lumen-framework/src/Concerns/RoutesRequests.php(352): Laravel\\Lumen\\Application->callControllerCallable()
#19 /home/r-nocchelli/projects/zipcode-api/vendor/laravel/lumen-framework/src/Concerns/RoutesRequests.php(326): Laravel\\Lumen\\Application->callLumenController()
#20 /home/r-nocchelli/projects/zipcode-api/vendor/laravel/lumen-framework/src/Concerns/RoutesRequests.php(279): Laravel\\Lumen\\Application->callControllerAction()
#21 /home/r-nocchelli/projects/zipcode-api/vendor/laravel/lumen-framework/src/Concerns/RoutesRequests.php(264): Laravel\\Lumen\\Application->callActionOnArrayBasedRoute()
#22 /home/r-nocchelli/projects/zipcode-api/vendor/laravel/lumen-framework/src/Concerns/RoutesRequests.php(166): Laravel\\Lumen\\Application->handleFoundRoute()
#23 /home/r-nocchelli/projects/zipcode-api/vendor/laravel/lumen-framework/src/Concerns/RoutesRequests.php(426): Laravel\\Lumen\\Application->Laravel\\Lumen\\Concerns\\{closure}()
#24 /home/r-nocchelli/projects/zipcode-api/vendor/laravel/lumen-framework/src/Concerns/RoutesRequests.php(172): Laravel\\Lumen\\Application->sendThroughPipeline()
#25 /home/r-nocchelli/projects/zipcode-api/vendor/laravel/lumen-framework/src/Concerns/RoutesRequests.php(109): Laravel\\Lumen\\Application->dispatch()
#26 /home/r-nocchelli/projects/zipcode-api/public/index.php(28): Laravel\\Lumen\\Application->run()
#27 {main}

[previous exception] [object] (PDOException(code: 2002): SQLSTATE[HY000] [2002] Connection refused at /home/r-nocchelli/projects/zipcode-api/vendor/illuminate/database/Connectors/Connector.php:70)
[stacktrace]
#0 /home/r-nocchelli/projects/zipcode-api/vendor/illuminate/database/Connectors/Connector.php(70): PDO->__construct()
#1 /home/r-nocchelli/projects/zipcode-api/vendor/illuminate/database/Connectors/Connector.php(100): Illuminate\\Database\\Connectors\\Connector->createPdoConnection()
#2 /home/r-nocchelli/projects/zipcode-api/vendor/illuminate/database/Connectors/Connector.php(50): Illuminate\\Database\\Connectors\\Connector->tryAgainIfCausedByLostConnection()
#3 /home/r-nocchelli/projects/zipcode-api/vendor/illuminate/database/Connectors/MySqlConnector.php(24): Illuminate\\Database\\Connectors\\Connector->createConnection()
#4 /home/r-nocchelli/projects/zipcode-api/vendor/illuminate/database/Connectors/ConnectionFactory.php(184): Illuminate\\Database\\Connectors\\MySqlConnector->connect()
#5 [internal function]: Illuminate\\Database\\Connectors\\ConnectionFactory->Illuminate\\Database\\Connectors\\{closure}()
#6 /home/r-nocchelli/projects/zipcode-api/vendor/illuminate/database/Connection.php(999): call_user_func()
#7 /home/r-nocchelli/projects/zipcode-api/vendor/illuminate/database/Connection.php(1035): Illuminate\\Database\\Connection->getPdo()
#8 /home/r-nocchelli/projects/zipcode-api/vendor/illuminate/database/Connection.php(426): Illuminate\\Database\\Connection->getReadPdo()
#9 /home/r-nocchelli/projects/zipcode-api/vendor/illuminate/database/Connection.php(352): Illuminate\\Database\\Connection->getPdoForSelect()
#10 /home/r-nocchelli/projects/zipcode-api/vendor/illuminate/database/Connection.php(685): Illuminate\\Database\\Connection->Illuminate\\Database\\{closure}()
#11 /home/r-nocchelli/projects/zipcode-api/vendor/illuminate/database/Connection.php(766): Illuminate\\Database\\Connection->runQueryCallback()
#12 /home/r-nocchelli/projects/zipcode-api/vendor/illuminate/database/Connection.php(746): Illuminate\\Database\\Connection->tryAgainIfCausedByLostConnection()
#13 /home/r-nocchelli/projects/zipcode-api/vendor/illuminate/database/Connection.php(655): Illuminate\\Database\\Connection->handleQueryException()
#14 /home/r-nocchelli/projects/zipcode-api/vendor/illuminate/database/Connection.php(360): Illuminate\\Database\\Connection->run()
#15 /home/r-nocchelli/projects/zipcode-api/vendor/illuminate/database/Query/Builder.php(2349): Illuminate\\Database\\Connection->select()
#16 /home/r-nocchelli/projects/zipcode-api/vendor/illuminate/database/Query/Builder.php(2337): Illuminate\\Database\\Query\\Builder->runSelect()
#17 /home/r-nocchelli/projects/zipcode-api/vendor/illuminate/database/Query/Builder.php(2871): Illuminate\\Database\\Query\\Builder->Illuminate\\Database\\Query\\{closure}()
#18 /home/r-nocchelli/projects/zipcode-api/vendor/illuminate/database/Query/Builder.php(2338): Illuminate\\Database\\Query\\Builder->onceWithColumns()
#19 /home/r-nocchelli/projects/zipcode-api/vendor/illuminate/database/Eloquent/Builder.php(602): Illuminate\\Database\\Query\\Builder->get()
#20 /home/r-nocchelli/projects/zipcode-api/vendor/illuminate/database/Eloquent/Builder.php(586): Illuminate\\Database\\Eloquent\\Builder->getModels()
#21 /home/r-nocchelli/projects/zipcode-api/vendor/illuminate/database/Eloquent/Model.php(522): Illuminate\\Database\\Eloquent\\Builder->get()
#22 /home/r-nocchelli/projects/zipcode-api/app/Http/Controllers/Controller.php(13): Illuminate\\Database\\Eloquent\\Model::all()
#23 /home/r-nocchelli/projects/zipcode-api/vendor/illuminate/container/BoundMethod.php(36): App\\Http\\Controllers\\Controller->getAll()
#24 /home/r-nocchelli/projects/zipcode-api/vendor/illuminate/container/Util.php(40): Illuminate\\Container\\BoundMethod::Illuminate\\Container\\{closure}()
#25 /home/r-nocchelli/projects/zipcode-api/vendor/illuminate/container/BoundMethod.php(93): Illuminate\\Container\\Util::unwrapIfClosure()
#26 /home/r-nocchelli/projects/zipcode-api/vendor/illuminate/container/BoundMethod.php(37): Illuminate\\Container\\BoundMethod::callBoundMethod()
#27 /home/r-nocchelli/projects/zipcode-api/vendor/illuminate/container/Container.php(651): Illuminate\\Container\\BoundMethod::call()
#28 /home/r-nocchelli/projects/zipcode-api/vendor/laravel/lumen-framework/src/Concerns/RoutesRequests.php(386): Illuminate\\Container\\Container->call()
#29 /home/r-nocchelli/projects/zipcode-api/vendor/laravel/lumen-framework/src/Concerns/RoutesRequests.php(352): Laravel\\Lumen\\Application->callControllerCallable()
#30 /home/r-nocchelli/projects/zipcode-api/vendor/laravel/lumen-framework/src/Concerns/RoutesRequests.php(326): Laravel\\Lumen\\Application->callLumenController()
#31 /home/r-nocchelli/projects/zipcode-api/vendor/laravel/lumen-framework/src/Concerns/RoutesRequests.php(279): Laravel\\Lumen\\Application->callControllerAction()
#32 /home/r-nocchelli/projects/zipcode-api/vendor/laravel/lumen-framework/src/Concerns/RoutesRequests.php(264): Laravel\\Lumen\\Application->callActionOnArrayBasedRoute()
#33 /home/r-nocchelli/projects/zipcode-api/vendor/laravel/lumen-framework/src/Concerns/RoutesRequests.php(166): Laravel\\Lumen\\Application->handleFoundRoute()
#34 /home/r-nocchelli/projects/zipcode-api/vendor/laravel/lumen-framework/src/Concerns/RoutesRequests.php(426): Laravel\\Lumen\\Application->Laravel\\Lumen\\Concerns\\{closure}()
#35 /home/r-nocchelli/projects/zipcode-api/vendor/laravel/lumen-framework/src/Concerns/RoutesRequests.php(172): Laravel\\Lumen\\Application->sendThroughPipeline()
#36 /home/r-nocchelli/projects/zipcode-api/vendor/laravel/lumen-framework/src/Concerns/RoutesRequests.php(109): Laravel\\Lumen\\Application->dispatch()
#37 /home/r-nocchelli/projects/zipcode-api/public/index.php(28): Laravel\\Lumen\\Application->run()
#38 {main}
"} 
[2021-07-15 04:44:52] local.ERROR: SQLSTATE[42S02]: Base table or view not found: 1146 Table 'db_api.zipcode' doesn't exist (SQL: select * from `zipcode`) {"exception":"[object] (Illuminate\\Database\\QueryException(code: 42S02): SQLSTATE[42S02]: Base table or view not found: 1146 Table 'db_api.zipcode' doesn't exist (SQL: select * from `zipcode`) at /home/r-nocchelli/projects/zipcode-api/vendor/illuminate/database/Connection.php:692)
[stacktrace]
#0 /home/r-nocchelli/projects/zipcode-api/vendor/illuminate/database/Connection.php(652): Illuminate\\Database\\Connection->runQueryCallback()
#1 /home/r-nocchelli/projects/zipcode-api/vendor/illuminate/database/Connection.php(360): Illuminate\\Database\\Connection->run()
#2 /home/r-nocchelli/projects/zipcode-api/vendor/illuminate/database/Query/Builder.php(2349): Illuminate\\Database\\Connection->select()
#3 /home/r-nocchelli/projects/zipcode-api/vendor/illuminate/database/Query/Builder.php(2337): Illuminate\\Database\\Query\\Builder->runSelect()
#4 /home/r-nocchelli/projects/zipcode-api/vendor/illuminate/database/Query/Builder.php(2871): Illuminate\\Database\\Query\\Builder->Illuminate\\Database\\Query\\{closure}()
#5 /home/r-nocchelli/projects/zipcode-api/vendor/illuminate/database/Query/Builder.php(2338): Illuminate\\Database\\Query\\Builder->onceWithColumns()
#6 /home/r-nocchelli/projects/zipcode-api/vendor/illuminate/database/Eloquent/Builder.php(602): Illuminate\\Database\\Query\\Builder->get()
#7 /home/r-nocchelli/projects/zipcode-api/vendor/illuminate/database/Eloquent/Builder.php(586): Illuminate\\Database\\Eloquent\\Builder->getModels()
#8 /home/r-nocchelli/projects/zipcode-api/vendor/illuminate/database/Eloquent/Model.php(522): Illuminate\\Database\\Eloquent\\Builder->get()
#9 /home/r-nocchelli/projects/zipcode-api/app/Http/Controllers/Controller.php(13): Illuminate\\Database\\Eloquent\\Model::all()
#10 /home/r-nocchelli/projects/zipcode-api/vendor/illuminate/container/BoundMethod.php(36): App\\Http\\Controllers\\Controller->getAll()
#11 /home/r-nocchelli/projects/zipcode-api/vendor/illuminate/container/Util.php(40): Illuminate\\Container\\BoundMethod::Illuminate\\Container\\{closure}()
#12 /home/r-nocchelli/projects/zipcode-api/vendor/illuminate/container/BoundMethod.php(93): Illuminate\\Container\\Util::unwrapIfClosure()
#13 /home/r-nocchelli/projects/zipcode-api/vendor/illuminate/container/BoundMethod.php(37): Illuminate\\Container\\BoundMethod::callBoundMethod()
#14 /home/r-nocchelli/projects/zipcode-api/vendor/illuminate/container/Container.php(651): Illuminate\\Container\\BoundMethod::call()
#15 /home/r-nocchelli/projects/zipcode-api/vendor/laravel/lumen-framework/src/Concerns/RoutesRequests.php(386): Illuminate\\Container\\Container->call()
#16 /home/r-nocchelli/projects/zipcode-api/vendor/laravel/lumen-framework/src/Concerns/RoutesRequests.php(352): Laravel\\Lumen\\Application->callControllerCallable()
#17 /home/r-nocchelli/projects/zipcode-api/vendor/laravel/lumen-framework/src/Concerns/RoutesRequests.php(326): Laravel\\Lumen\\Application->callLumenController()
#18 /home/r-nocchelli/projects/zipcode-api/vendor/laravel/lumen-framework/src/Concerns/RoutesRequests.php(279): Laravel\\Lumen\\Application->callControllerAction()
#19 /home/r-nocchelli/projects/zipcode-api/vendor/laravel/lumen-framework/src/Concerns/RoutesRequests.php(264): Laravel\\Lumen\\Application->callActionOnArrayBasedRoute()
#20 /home/r-nocchelli/projects/zipcode-api/vendor/laravel/lumen-framework/src/Concerns/RoutesRequests.php(166): Laravel\\Lumen\\Application->handleFoundRoute()
#21 /home/r-nocchelli/projects/zipcode-api/vendor/laravel/lumen-framework/src/Concerns/RoutesRequests.php(426): Laravel\\Lumen\\Application->Laravel\\Lumen\\Concerns\\{closure}()
#22 /home/r-nocchelli/projects/zipcode-api/vendor/laravel/lumen-framework/src/Concerns/RoutesRequests.php(172): Laravel\\Lumen\\Application->sendThroughPipeline()
#23 /home/r-nocchelli/projects/zipcode-api/vendor/laravel/lumen-framework/src/Concerns/RoutesRequests.php(109): Laravel\\Lumen\\Application->dispatch()
#24 /home/r-nocchelli/projects/zipcode-api/public/index.php(28): Laravel\\Lumen\\Application->run()
#25 {main}

[previous exception] [object] (PDOException(code: 42S02): SQLSTATE[42S02]: Base table or view not found: 1146 Table 'db_api.zipcode' doesn't exist at /home/r-nocchelli/projects/zipcode-api/vendor/illuminate/database/Connection.php:352)
[stacktrace]
#0 /home/r-nocchelli/projects/zipcode-api/vendor/illuminate/database/Connection.php(352): PDO->prepare()
#1 /home/r-nocchelli/projects/zipcode-api/vendor/illuminate/database/Connection.php(685): Illuminate\\Database\\Connection->Illuminate\\Database\\{closure}()
#2 /home/r-nocchelli/projects/zipcode-api/vendor/illuminate/database/Connection.php(652): Illuminate\\Database\\Connection->runQueryCallback()
#3 /home/r-nocchelli/projects/zipcode-api/vendor/illuminate/database/Connection.php(360): Illuminate\\Database\\Connection->run()
#4 /home/r-nocchelli/projects/zipcode-api/vendor/illuminate/database/Query/Builder.php(2349): Illuminate\\Database\\Connection->select()
#5 /home/r-nocchelli/projects/zipcode-api/vendor/illuminate/database/Query/Builder.php(2337): Illuminate\\Database\\Query\\Builder->runSelect()
#6 /home/r-nocchelli/projects/zipcode-api/vendor/illuminate/database/Query/Builder.php(2871): Illuminate\\Database\\Query\\Builder->Illuminate\\Database\\Query\\{closure}()
#7 /home/r-nocchelli/projects/zipcode-api/vendor/illuminate/database/Query/Builder.php(2338): Illuminate\\Database\\Query\\Builder->onceWithColumns()
#8 /home/r-nocchelli/projects/zipcode-api/vendor/illuminate/database/Eloquent/Builder.php(602): Illuminate\\Database\\Query\\Builder->get()
#9 /home/r-nocchelli/projects/zipcode-api/vendor/illuminate/database/Eloquent/Builder.php(586): Illuminate\\Database\\Eloquent\\Builder->getModels()
#10 /home/r-nocchelli/projects/zipcode-api/vendor/illuminate/database/Eloquent/Model.php(522): Illuminate\\Database\\Eloquent\\Builder->get()
#11 /home/r-nocchelli/projects/zipcode-api/app/Http/Controllers/Controller.php(13): Illuminate\\Database\\Eloquent\\Model::all()
#12 /home/r-nocchelli/projects/zipcode-api/vendor/illuminate/container/BoundMethod.php(36): App\\Http\\Controllers\\Controller->getAll()
#13 /home/r-nocchelli/projects/zipcode-api/vendor/illuminate/container/Util.php(40): Illuminate\\Container\\BoundMethod::Illuminate\\Container\\{closure}()
#14 /home/r-nocchelli/projects/zipcode-api/vendor/illuminate/container/BoundMethod.php(93): Illuminate\\Container\\Util::unwrapIfClosure()
#15 /home/r-nocchelli/projects/zipcode-api/vendor/illuminate/container/BoundMethod.php(37): Illuminate\\Container\\BoundMethod::callBoundMethod()
#16 /home/r-nocchelli/projects/zipcode-api/vendor/illuminate/container/Container.php(651): Illuminate\\Container\\BoundMethod::call()
#17 /home/r-nocchelli/projects/zipcode-api/vendor/laravel/lumen-framework/src/Concerns/RoutesRequests.php(386): Illuminate\\Container\\Container->call()
#18 /home/r-nocchelli/projects/zipcode-api/vendor/laravel/lumen-framework/src/Concerns/RoutesRequests.php(352): Laravel\\Lumen\\Application->callControllerCallable()
#19 /home/r-nocchelli/projects/zipcode-api/vendor/laravel/lumen-framework/src/Concerns/RoutesRequests.php(326): Laravel\\Lumen\\Application->callLumenController()
#20 /home/r-nocchelli/projects/zipcode-api/vendor/laravel/lumen-framework/src/Concerns/RoutesRequests.php(279): Laravel\\Lumen\\Application->callControllerAction()
#21 /home/r-nocchelli/projects/zipcode-api/vendor/laravel/lumen-framework/src/Concerns/RoutesRequests.php(264): Laravel\\Lumen\\Application->callActionOnArrayBasedRoute()
#22 /home/r-nocchelli/projects/zipcode-api/vendor/laravel/lumen-framework/src/Concerns/RoutesRequests.php(166): Laravel\\Lumen\\Application->handleFoundRoute()
#23 /home/r-nocchelli/projects/zipcode-api/vendor/laravel/lumen-framework/src/Concerns/RoutesRequests.php(426): Laravel\\Lumen\\Application->Laravel\\Lumen\\Concerns\\{closure}()
#24 /home/r-nocchelli/projects/zipcode-api/vendor/laravel/lumen-framework/src/Concerns/RoutesRequests.php(172): Laravel\\Lumen\\Application->sendThroughPipeline()
#25 /home/r-nocchelli/projects/zipcode-api/vendor/laravel/lumen-framework/src/Concerns/RoutesRequests.php(109): Laravel\\Lumen\\Application->dispatch()
#26 /home/r-nocchelli/projects/zipcode-api/public/index.php(28): Laravel\\Lumen\\Application->run()
#27 {main}
"} 
